Logfile initialized
[INFO] logfile = /home/graham/Titanium Studio Workspace/testpyjson1/build.log
[DEBUG] /home/graham/.titanium/mobilesdk/linux/1.7.5/android/builder.py simulator testpyjson1 /home/graham/MobileDev/androidSDK /home/graham/Titanium Studio Workspace/testpyjson1 com.logsoft.pyjson1 1 WVGA800 
[INFO] Building testpyjson1 for Android ... one moment
[INFO] Titanium SDK version: 1.7.5 (11/02/11 17:00 ab20af7)
[DEBUG] Waiting for device to be ready ...
[TRACE] adb devices returned 2 devices/emulators
[DEBUG] Device connected... (waited 0 seconds)
[DEBUG] waited 0.003660 seconds on emulator to get ready
[DEBUG] com.logsoft.pyjson1 installed? True
[INFO] Fastdev server running, deploying in Fastdev mode
[INFO] Copying project resources..
[TRACE] COPYING MODIFIED FILE: /home/graham/Titanium Studio Workspace/testpyjson1/Resources/app.js => /home/graham/Titanium Studio Workspace/testpyjson1/build/android/bin/assets/Resources/app.js
[INFO] Tiapp.xml unchanged, skipping class generation
[DEBUG] Processing Android resource drawables
[DEBUG] found drawable-notlong-land-ldpi splash screen at /home/graham/Titanium Studio Workspace/testpyjson1/Resources/android/images/res-notlong-land-ldpi/default.png
[DEBUG] found drawable-long-port-hdpi splash screen at /home/graham/Titanium Studio Workspace/testpyjson1/Resources/android/images/res-long-port-hdpi/default.png
[DEBUG] found drawable-notlong-port-ldpi splash screen at /home/graham/Titanium Studio Workspace/testpyjson1/Resources/android/images/res-notlong-port-ldpi/default.png
[DEBUG] found drawable-notlong-port-hdpi splash screen at /home/graham/Titanium Studio Workspace/testpyjson1/Resources/android/images/res-notlong-port-hdpi/default.png
[DEBUG] found drawable-long-port-ldpi splash screen at /home/graham/Titanium Studio Workspace/testpyjson1/Resources/android/images/res-long-port-ldpi/default.png
[DEBUG] found drawable-notlong-land-hdpi splash screen at /home/graham/Titanium Studio Workspace/testpyjson1/Resources/android/images/res-notlong-land-hdpi/default.png
[DEBUG] found drawable-notlong-port-mdpi splash screen at /home/graham/Titanium Studio Workspace/testpyjson1/Resources/android/images/res-notlong-port-mdpi/default.png
[DEBUG] found drawable-long-land-hdpi splash screen at /home/graham/Titanium Studio Workspace/testpyjson1/Resources/android/images/res-long-land-hdpi/default.png
[DEBUG] found drawable-notlong-land-mdpi splash screen at /home/graham/Titanium Studio Workspace/testpyjson1/Resources/android/images/res-notlong-land-mdpi/default.png
[DEBUG] found drawable-long-land-ldpi splash screen at /home/graham/Titanium Studio Workspace/testpyjson1/Resources/android/images/res-long-land-ldpi/default.png
[INFO] Waiting for SDCard to become available..
[INFO] Re-launching application ... testpyjson1
[INFO] Launching application ... testpyjson1
[TRACE] Launch output: Starting: Intent { act=android.intent.action.MAIN cat=[android.intent.category.LAUNCHER] cmp=com.logsoft.pyjson1/.Testpyjson1Activity }

